<?xml version="1.0" encoding="UTF-8"?>
<!-- Generated by org.testng.reporters.JUnitReportReporter -->
<testsuite skipped="0" hostname="DESKTOP-L144K6P" name="com.review.testcases.LoginPageTest" tests="1" failures="0" timestamp="24 Feb 2020 06:15:34 GMT" time="14.436" errors="0">
  <testcase name="LoginTest" time="14.436" classname="com.review.testcases.LoginPageTest"/>
</testsuite> <!-- com.review.testcases.LoginPageTest -->
