<?xml version="1.0" encoding="UTF-8"?>
<!-- Generated by org.testng.reporters.JUnitReportReporter -->
<testsuite skipped="0" hostname="DESKTOP-L144K6P" name="com.review.testcases.Verify1ArticleSubmission" tests="1" failures="0" timestamp="24 Feb 2020 08:10:30 GMT" time="93.567" errors="0">
  <testcase name="Login" time="93.567" classname="com.review.testcases.Verify1ArticleSubmission"/>
</testsuite> <!-- com.review.testcases.Verify1ArticleSubmission -->
